<?xml version="1.0" encoding="UTF-8"?>
<!-- Generated by org.testng.reporters.JUnitXMLReporter -->
<testsuite hostname="DESKTOP-A15AP0F" ignored="0" name="Default test" tests="2" failures="0" timestamp="2021-07-02T17:51:09 IST" time="48.123" errors="0">
  <testcase name="openNewTab" time="12.123" classname="Selenium4Version.Selenium_4_Version.NewTab_NewBrowser"/>
  <testcase name="openNewWindow" time="9.244" classname="Selenium4Version.Selenium_4_Version.NewTab_NewBrowser"/>
</testsuite> <!-- Default test -->
